new login page request12
Login/User Creation Request :login
new login page request12
Login/User Creation Request :login
User detailsSandeepk
User details2
new login page request12
Login/User Creation Request :login
User detailsSandeepk
User details2
new login page request12
new login page request12
Login/User Creation Request :login
User detailsSandeepk
User details2
Title ::Got it
data request ::{'url': u'https://tyuw.cdf', 'post_text': u'safdsaf', 'post_type': 'P', 'created_by': 2L, 'title': u'Got it'}
In method Latest Post
Post Obj<QuerySet [<Post: Post object>]>
In method Latest Post
Post Obj<QuerySet [<Post: Post object>]>
In method Latest Post
Post Obj<QuerySet [<Post: Post object>]>
new login page request12
In method Latest Post
Post Obj<QuerySet [<Post: Post object>]>
Title ::got2
data request ::{'url': u'https://gettag.com/yo', 'post_text': u'sadsada', 'post_type': 'P', 'created_by': 2L, 'title': u'got2'}
In method Latest Post
Post Obj<QuerySet [<Post: Post object>, <Post: Post object>]>
Title ::dddddddddd
data request ::{'url': u'sdasdas', 'post_text': u'asdasdasd', 'post_type': 'P', 'created_by': 2L, 'title': u'dddddddddd'}
Error while saving the post <ul class="errorlist"><li>url<ul class="errorlist"><li>Enter a valid URL.</li></ul></li></ul>
In method Latest Post
Post Obj<QuerySet [<Post: Post object>, <Post: Post object>]>
new login page request12
new login page request12
In method Latest Post
Post Obj<QuerySet [<Post: Post object>, <Post: Post object>]>
In method Latest Post
Post Obj<QuerySet [<Post: Post object>, <Post: Post object>]>
In method Latest Post
Post Obj<QuerySet [<Post: Post object>, <Post: Post object>]>
In method Latest Post
Post Obj<QuerySet [<Post: Post object>, <Post: Post object>]>
In method Latest Post
Post Obj<QuerySet [<Post: Post object>, <Post: Post object>]>
In method Latest Post
Post Obj<QuerySet [<Post: Post object>, <Post: Post object>]>
In method Latest Post
Post Obj<QuerySet [<Post: Post object>, <Post: Post object>]>
In method Latest Post
Post Obj<QuerySet [<Post: Post object>, <Post: Post object>]>
In method Latest Post
Post Obj<QuerySet [<Post: Post object>, <Post: Post object>]>
In method Latest Post
Post Obj<QuerySet [<Post: Post object>, <Post: Post object>]>
In method Latest Post
Post Obj<QuerySet [<Post: Post object>, <Post: Post object>]>
In method Latest Post
Post Obj<QuerySet [<Post: Post object>, <Post: Post object>]>
In method Latest Post
Post Obj<QuerySet [<Post: Post object>, <Post: Post object>]>
In method Latest Post
Post Obj<QuerySet [<Post: Post object>, <Post: Post object>]>
In method Latest Post
Post Obj<QuerySet [<Post: Post object>, <Post: Post object>]>
In method Latest Post
Post Obj<QuerySet [<Post: Post object>, <Post: Post object>]>
In method Latest Post
Post Obj<QuerySet [<Post: Post object>, <Post: Post object>]>
In method Latest Post
Post Obj<QuerySet [<Post: Post object>, <Post: Post object>]>
In method Latest Post
Post Obj<QuerySet [<Post: Post object>, <Post: Post object>]>
In method Latest Post
Post Obj<QuerySet [<Post: Post object>, <Post: Post object>]>
In method Latest Post
Post Obj<QuerySet [<Post: Post object>, <Post: Post object>]>
In method Latest Post
Post Obj<QuerySet [<Post: Post object>, <Post: Post object>]>
In method Latest Post
Post Obj<QuerySet [<Post: Post object>, <Post: Post object>]>
In method Latest Post
Post Obj<QuerySet [<Post: Post object>, <Post: Post object>]>
In method Latest Post
Post Obj<QuerySet [<Post: Post object>, <Post: Post object>]>
In method Latest Post
Post Obj<QuerySet [<Post: Post object>, <Post: Post object>]>
In method Latest Post
Post Obj<QuerySet [<Post: Post object>, <Post: Post object>]>
In method Latest Post
Post Obj<QuerySet [<Post: Post object>, <Post: Post object>]>
In method Latest Post
Post Obj<QuerySet [<Post: Post object>, <Post: Post object>]>
In method Latest Post
Post Obj<QuerySet [<Post: Post object>, <Post: Post object>]>
In method Latest Post
Post Obj<QuerySet [<Post: Post object>, <Post: Post object>]>
In method Latest Post
Post Obj<QuerySet [<Post: Post object>, <Post: Post object>]>
In method Latest Post
Post Obj<QuerySet [<Post: Post object>, <Post: Post object>]>
In method Latest Post
Post Obj<QuerySet [<Post: Post object>, <Post: Post object>]>
In method Latest Post
Post Obj<QuerySet [<Post: Post object>, <Post: Post object>]>
In method Latest Post
Post Obj<QuerySet [<Post: Post object>, <Post: Post object>]>
In method Latest Post
Post Obj<QuerySet [<Post: Post object>, <Post: Post object>]>
In method Latest Post
Post Obj<QuerySet [<Post: Post object>, <Post: Post object>]>
In method Latest Post
Post Obj<QuerySet [<Post: Post object>, <Post: Post object>]>
In method Latest Post
Post Obj<QuerySet [<Post: Post object>, <Post: Post object>]>
In method Latest Post
Post Obj<QuerySet [<Post: Post object>, <Post: Post object>]>
In method Latest Post
Post Obj<QuerySet [<Post: Post object>, <Post: Post object>]>
In method Latest Post
Post Obj<QuerySet [<Post: Post object>, <Post: Post object>]>
In method Latest Post
Post Obj<QuerySet [<Post: Post object>, <Post: Post object>]>
In method Latest Post
Post Obj<QuerySet [<Post: Post object>, <Post: Post object>]>
In method Latest Post
Post Obj<QuerySet [<Post: Post object>, <Post: Post object>]>
In method Latest Post
Post Obj<QuerySet [<Post: Post object>, <Post: Post object>]>
In method Latest Post
Post Obj<QuerySet [<Post: Post object>, <Post: Post object>]>
In method Latest Post
Post Obj<QuerySet [<Post: Post object>, <Post: Post object>]>
In method Latest Post
Post Obj<QuerySet [<Post: Post object>, <Post: Post object>]>
In method Latest Post
Post Obj<QuerySet [<Post: Post object>, <Post: Post object>]>
In method Latest Post
Post Obj<QuerySet [<Post: Post object>, <Post: Post object>]>
In method Latest Post
Post Obj<QuerySet [<Post: Post object>, <Post: Post object>]>
In method Latest Post
Post Obj<QuerySet [<Post: Post object>, <Post: Post object>]>
In method Latest Post
Post Obj<QuerySet [<Post: Post object>, <Post: Post object>]>
In method Latest Post
Post Obj<QuerySet [<Post: Post object>, <Post: Post object>]>
In method Latest Post
Post Obj<QuerySet [<Post: Post object>, <Post: Post object>]>
In method Latest Post
Post Obj<QuerySet [<Post: Post object>, <Post: Post object>]>
In method Latest Post
Post Obj<QuerySet [<Post: Post object>, <Post: Post object>]>
In method Latest Post
Post Obj<QuerySet [<Post: Post object>, <Post: Post object>]>
In method Latest Post
Post Obj<QuerySet [<Post: Post object>, <Post: Post object>]>
In method Latest Post
Post Obj<QuerySet [<Post: Post object>, <Post: Post object>]>
In method Latest Post
Post Obj<QuerySet [<Post: Post object>, <Post: Post object>]>
In method Latest Post
Post Obj<QuerySet [<Post: Post object>, <Post: Post object>]>
In method Latest Post
Post Obj<QuerySet [<Post: Post object>, <Post: Post object>]>
In method Latest Post
Post Obj<QuerySet [<Post: Post object>, <Post: Post object>]>
In method Latest Post
Post Obj<QuerySet [<Post: Post object>, <Post: Post object>]>
In method Latest Post
Post Obj<QuerySet [<Post: Post object>, <Post: Post object>]>
In method Latest Post
Post Obj<QuerySet [<Post: Post object>, <Post: Post object>]>
In method Latest Post
Post Obj<QuerySet [<Post: Post object>, <Post: Post object>]>
In method Latest Post
Post Obj<QuerySet [<Post: Post object>, <Post: Post object>]>
In method Latest Post
Post Obj<QuerySet [<Post: Post object>, <Post: Post object>]>
In method Latest Post
Post Obj<QuerySet [<Post: Post object>, <Post: Post object>]>
In method Latest Post
Post Obj<QuerySet [<Post: Post object>, <Post: Post object>]>
In method Latest Post
Post Obj<QuerySet [<Post: Post object>, <Post: Post object>]>
In method Latest Post
Post Obj<QuerySet [<Post: Post object>, <Post: Post object>]>
new login page request12
new login page request12
In method Latest Post
Post Obj<QuerySet [<Post: Post object>, <Post: Post object>]>
In method Latest Post
Post Obj<QuerySet [<Post: Post object>, <Post: Post object>]>
In method Latest Post
Post Obj<QuerySet [<Post: Post object>, <Post: Post object>]>
In method Latest Post
Post Obj<QuerySet [<Post: Post object>, <Post: Post object>]>
In method Latest Post
Post Obj<QuerySet [<Post: Post object>, <Post: Post object>]>
In method Latest Post
Post Obj<QuerySet [<Post: Post object>, <Post: Post object>]>
In method Latest Post
Post Obj<QuerySet [<Post: Post object>, <Post: Post object>]>
In method Latest Post
Post Obj<QuerySet [<Post: Post object>, <Post: Post object>]>
In method Latest Post
Post Obj<QuerySet [<Post: Post object>, <Post: Post object>]>
In method Latest Post
Post Obj<QuerySet [<Post: Post object>, <Post: Post object>]>
In method Latest Post
Post Obj<QuerySet [<Post: Post object>, <Post: Post object>]>
In method Latest Post
Post Obj<QuerySet [<Post: Post object>, <Post: Post object>]>
In method Latest Post
Post Obj<QuerySet [<Post: Post object>, <Post: Post object>]>
In method Latest Post
Post Obj<QuerySet [<Post: Post object>, <Post: Post object>]>
In method Latest Post
Post Obj<QuerySet [<Post: Post object>, <Post: Post object>]>
In method Latest Post
Post Obj<QuerySet [<Post: Post object>, <Post: Post object>]>
In method Latest Post
Post Obj<QuerySet [<Post: Post object>, <Post: Post object>]>
In method Latest Post
Post Obj<QuerySet [<Post: Post object>, <Post: Post object>]>
In method Latest Post
Post Obj<QuerySet [<Post: Post object>, <Post: Post object>]>
In method Latest Post
Post Obj<QuerySet [<Post: Post object>, <Post: Post object>]>
In method Latest Post
Post Obj<QuerySet [<Post: Post object>, <Post: Post object>]>
In method Latest Post
Post Obj<QuerySet [<Post: Post object>, <Post: Post object>]>
In method Latest Post
Post Obj<QuerySet [<Post: Post object>, <Post: Post object>]>
In method Latest Post
Post Obj<QuerySet [<Post: Post object>, <Post: Post object>]>
In method Latest Post
Post Obj<QuerySet [<Post: Post object>, <Post: Post object>]>
In method Latest Post
Post Obj<QuerySet [<Post: Post object>, <Post: Post object>]>
In method Latest Post
Post Obj<QuerySet [<Post: Post object>, <Post: Post object>]>
In method Latest Post
Post Obj<QuerySet [<Post: Post object>, <Post: Post object>]>
In method Latest Post
Post Obj<QuerySet [<Post: Post object>, <Post: Post object>]>
In method Latest Post
Post Obj<QuerySet [<Post: Post object>, <Post: Post object>]>
In method Latest Post
Post Obj<QuerySet [<Post: Post object>, <Post: Post object>]>
In method Latest Post
Post Obj<QuerySet [<Post: Post object>, <Post: Post object>]>
In method Latest Post
Post Obj<QuerySet [<Post: Post object>, <Post: Post object>]>
In method Latest Post
Post Obj<QuerySet [<Post: Post object>, <Post: Post object>]>
In method Latest Post
Post Obj<QuerySet [<Post: Post object>, <Post: Post object>]>
In method Latest Post
Post Obj<QuerySet [<Post: Post object>, <Post: Post object>]>
In method Latest Post
Post Obj<QuerySet [<Post: Post object>, <Post: Post object>]>
In method Latest Post
Post Obj<QuerySet [<Post: Post object>, <Post: Post object>]>
In method Latest Post
Post Obj<QuerySet [<Post: Post object>, <Post: Post object>]>
In method Latest Post
Post Obj<QuerySet [<Post: Post object>, <Post: Post object>]>
In method Latest Post
Post Obj<QuerySet [<Post: Post object>, <Post: Post object>]>
In method Latest Post
Post Obj<QuerySet [<Post: Post object>, <Post: Post object>]>
In method Latest Post
Post Obj<QuerySet [<Post: Post object>, <Post: Post object>]>
In method Latest Post
Post Obj<QuerySet [<Post: Post object>, <Post: Post object>]>
In method Latest Post
Post Obj<QuerySet [<Post: Post object>, <Post: Post object>]>
In method Latest Post
Post Obj<QuerySet [<Post: Post object>, <Post: Post object>]>
In method Latest Post
Post Obj<QuerySet [<Post: Post object>, <Post: Post object>]>
In method Latest Post
Post Obj<QuerySet [<Post: Post object>, <Post: Post object>]>
In method Latest Post
Post Obj<QuerySet [<Post: Post object>, <Post: Post object>]>
In method Latest Post
Post Obj<QuerySet [<Post: Post object>, <Post: Post object>]>
In method Latest Post
Post Obj<QuerySet [<Post: Post object>, <Post: Post object>]>
In method Latest Post
Post Obj<QuerySet [<Post: Post object>, <Post: Post object>]>
In method Latest Post
Post Obj<QuerySet [<Post: Post object>, <Post: Post object>]>
In method Latest Post
Post Obj<QuerySet [<Post: Post object>, <Post: Post object>]>
In method Latest Post
Post Obj<QuerySet [<Post: Post object>, <Post: Post object>]>
In method Latest Post
Post Obj<QuerySet [<Post: Post object>, <Post: Post object>]>
In method Latest Post
Post Obj<QuerySet [<Post: Post object>, <Post: Post object>]>
In method Latest Post
Post Obj<QuerySet [<Post: Post object>, <Post: Post object>]>
In method Latest Post
Post Obj<QuerySet [<Post: Post object>, <Post: Post object>]>
In method Latest Post
Post Obj<QuerySet [<Post: Post object>, <Post: Post object>]>
In method Latest Post
Post Obj<QuerySet [<Post: Post object>, <Post: Post object>]>
In method Latest Post
Post Obj<QuerySet [<Post: Post object>, <Post: Post object>]>
In method Latest Post
Post Obj<QuerySet [<Post: Post object>, <Post: Post object>]>
In method Latest Post
Post Obj<QuerySet [<Post: Post object>, <Post: Post object>]>
In method Latest Post
Post Obj<QuerySet [<Post: Post object>, <Post: Post object>]>
In method Latest Post
Post Obj<QuerySet [<Post: Post object>, <Post: Post object>]>
In method Latest Post
Post Obj<QuerySet [<Post: Post object>, <Post: Post object>]>
In method Latest Post
Post Obj<QuerySet [<Post: Post object>, <Post: Post object>]>
In method Latest Post
Post Obj<QuerySet [<Post: Post object>, <Post: Post object>]>
In method Latest Post
Post Obj<QuerySet [<Post: Post object>, <Post: Post object>]>
In method Latest Post
Post Obj<QuerySet [<Post: Post object>, <Post: Post object>]>
In method Latest Post
Post Obj<QuerySet [<Post: Post object>, <Post: Post object>]>
In method Latest Post
Post Obj<QuerySet [<Post: Post object>, <Post: Post object>]>
In method Latest Post
Post Obj<QuerySet [<Post: Post object>, <Post: Post object>]>
In method Latest Post
Post Obj<QuerySet [<Post: Post object>, <Post: Post object>]>
In method Latest Post
Post Obj<QuerySet [<Post: Post object>, <Post: Post object>]>
In method Latest Post
Post Obj<QuerySet [<Post: Post object>, <Post: Post object>]>
In method Latest Post
Post Obj<QuerySet [<Post: Post object>, <Post: Post object>]>
In method Latest Post
Post Obj<QuerySet [<Post: Post object>, <Post: Post object>]>
In method Latest Post
Post Obj<QuerySet [<Post: Post object>, <Post: Post object>]>
In method Latest Post
Post Obj<QuerySet [<Post: Post object>, <Post: Post object>]>
In method Latest Post
Post Obj<QuerySet [<Post: Post object>, <Post: Post object>]>
In method Latest Post
Post Obj<QuerySet [<Post: Post object>, <Post: Post object>]>
In method Latest Post
Post Obj<QuerySet [<Post: Post object>, <Post: Post object>]>
In method Latest Post
Post Obj<QuerySet [<Post: Post object>, <Post: Post object>]>
In method Latest Post
Post Obj<QuerySet [<Post: Post object>, <Post: Post object>]>
In method Latest Post
Post Obj<QuerySet [<Post: Post object>, <Post: Post object>]>
In method Latest Post
Post Obj<QuerySet [<Post: Post object>, <Post: Post object>]>
In method Latest Post
Post Obj<QuerySet [<Post: Post object>, <Post: Post object>]>
In method Latest Post
Post Obj<QuerySet [<Post: Post object>, <Post: Post object>]>
In method Latest Post
Post Obj<QuerySet [<Post: Post object>, <Post: Post object>]>
In method Latest Post
Post Obj<QuerySet [<Post: Post object>, <Post: Post object>]>
In method Latest Post
Post Obj<QuerySet [<Post: Post object>, <Post: Post object>]>
In method Latest Post
Post Obj<QuerySet [<Post: Post object>, <Post: Post object>]>
In method Latest Post
Post Obj<QuerySet [<Post: Post object>, <Post: Post object>]>
In method Latest Post
Post Obj<QuerySet [<Post: Post object>, <Post: Post object>]>
In method Latest Post
Post Obj<QuerySet [<Post: Post object>, <Post: Post object>]>
In method Latest Post
Post Obj<QuerySet [<Post: Post object>, <Post: Post object>]>
In method Latest Post
Post Obj<QuerySet [<Post: Post object>, <Post: Post object>]>
In method Latest Post
Post Obj<QuerySet [<Post: Post object>, <Post: Post object>]>
In method Latest Post
Post Obj<QuerySet [<Post: Post object>, <Post: Post object>]>
In method Latest Post
Post Obj<QuerySet [<Post: Post object>, <Post: Post object>]>
In method Latest Post
Post Obj<QuerySet [<Post: Post object>, <Post: Post object>]>
In method Latest Post
Post Obj<QuerySet [<Post: Post object>, <Post: Post object>]>
In method Latest Post
Post Obj<QuerySet [<Post: Post object>, <Post: Post object>]>
In method Latest Post
Post Obj<QuerySet [<Post: Post object>, <Post: Post object>]>
In method Latest Post
Post Obj<QuerySet [<Post: Post object>, <Post: Post object>]>
In method Latest Post
Post Obj<QuerySet [<Post: Post object>, <Post: Post object>]>
In method Latest Post
Post Obj<QuerySet [<Post: Post object>, <Post: Post object>]>
In method Latest Post
Post Obj<QuerySet [<Post: Post object>, <Post: Post object>]>
